<?xml version="1.0" encoding="UTF-8"?>
<!-- Generated by org.testng.reporters.JUnitReportReporter -->
<testsuite hostname="Chinmai_2831" failures="1" tests="2" name="cucumberRunner.testngrunner" time="10.142" errors="0" timestamp="2024-06-02T10:27:42 IST" skipped="0">
  <testcase classname="cucumberRunner.testngrunner" name="runScenario" time="5.422"/>
  <testcase classname="cucumberRunner.testngrunner" name="runScenario" time="4.720">
    <failure message="expected [false] but found [true]" type="java.lang.AssertionError">
      <![CDATA[java.lang.AssertionError: expected [false] but found [true]
at org.testng.Assert.fail(Assert.java:111)
at org.testng.Assert.failNotEquals(Assert.java:1578)
at org.testng.Assert.assertEqualsImpl(Assert.java:150)
at org.testng.Assert.assertEquals(Assert.java:132)
at org.testng.Assert.assertEquals(Assert.java:1067)
at org.testng.Assert.assertEquals(Assert.java:1031)
at org.testng.Assert.assertEquals(Assert.java:1077)
at stepDefinitions.homepage.enter_the_product_name(homepage.java:73)
at âœ½.Enter the product name "Tomato"(file:///C:/Users/chinn/OneDrive/Desktop/Nakuri/greenkart/src/test/java/Features/Homepage.feature:18)
]]>
    </failure>
  </testcase> <!-- runScenario -->
</testsuite> <!-- cucumberRunner.testngrunner -->
